
Circuit 1 cell sky130_fd_pr__cap_var_lvt and Circuit 2 cell sky130_fd_pr__cap_var_lvt are black boxes.
Warning: Equate pins:  cell sky130_fd_pr__cap_var_lvt is a placeholder, treated as a black box.
Warning: Equate pins:  cell sky130_fd_pr__cap_var_lvt is a placeholder, treated as a black box.

Subcircuit pins:
Circuit 1: sky130_fd_pr__cap_var_lvt       |Circuit 2: sky130_fd_pr__cap_var_lvt       
-------------------------------------------|-------------------------------------------
1                                          |1                                          
2                                          |2                                          
3                                          |3                                          
---------------------------------------------------------------------------------------
Cell pin lists are equivalent.
Device classes sky130_fd_pr__cap_var_lvt and sky130_fd_pr__cap_var_lvt are equivalent.

Subcircuit summary:
Circuit 1: ring_oscillator                 |Circuit 2: ring_oscillator                 
-------------------------------------------|-------------------------------------------
sky130_fd_pr__pfet_01v8_lvt (3)            |sky130_fd_pr__pfet_01v8_lvt (3)            
sky130_fd_pr__nfet_01v8_lvt (3)            |sky130_fd_pr__nfet_01v8_lvt (3)            
sky130_fd_pr__cap_var_lvt (3)              |sky130_fd_pr__cap_var_lvt (3)              
Number of devices: 9                       |Number of devices: 9                       
Number of nets: 6                          |Number of nets: 6                          
---------------------------------------------------------------------------------------
Resolving automorphisms by property value.
Resolving automorphisms by pin name.
Netlists match uniquely with property errors.
sky130_fd_pr__cap_var_lvt:C2 vs. sky130_fd_pr__cap_var_lvt:C2:
Property VM in circuit2 has no matching property in circuit1
sky130_fd_pr__cap_var_lvt:C3 vs. sky130_fd_pr__cap_var_lvt:C3:
Property VM in circuit2 has no matching property in circuit1
sky130_fd_pr__cap_var_lvt:C1 vs. sky130_fd_pr__cap_var_lvt:C1:
Property VM in circuit2 has no matching property in circuit1
sky130_fd_pr__nfet_01v8_lvt:4 vs. sky130_fd_pr__nfet_01v8_lvt:4:
Property nf in circuit2 has no matching property in circuit1
sky130_fd_pr__nfet_01v8_lvt:6 vs. sky130_fd_pr__nfet_01v8_lvt:6:
Property nf in circuit2 has no matching property in circuit1
sky130_fd_pr__nfet_01v8_lvt:2 vs. sky130_fd_pr__nfet_01v8_lvt:2:
Property nf in circuit2 has no matching property in circuit1
sky130_fd_pr__pfet_01v8_lvt:3 vs. sky130_fd_pr__pfet_01v8_lvt:3:
Property nf in circuit2 has no matching property in circuit1
sky130_fd_pr__pfet_01v8_lvt:5 vs. sky130_fd_pr__pfet_01v8_lvt:5:
Property nf in circuit2 has no matching property in circuit1
sky130_fd_pr__pfet_01v8_lvt:1 vs. sky130_fd_pr__pfet_01v8_lvt:1:
Property nf in circuit2 has no matching property in circuit1

Subcircuit pins:
Circuit 1: ring_oscillator                 |Circuit 2: ring_oscillator                 
-------------------------------------------|-------------------------------------------
vtemp                                      |vtemp                                      
vss                                        |vss                                        
vdd                                        |vdd                                        
vosc                                       |vosc                                       
---------------------------------------------------------------------------------------
Cell pin lists are equivalent.
Device classes ring_oscillator and ring_oscillator are equivalent.

Final result: Circuits match uniquely.
Property errors were found.

The following cells had property errors:
 ring_oscillator
