
Class rectifier_lvt_01v8_initial (0):  Merged 20 parallel devices.
Class rectifier_lvt_01v8_initial (1):  Merged 20 parallel devices.
Subcircuit summary:
Circuit 1: rectifier_lvt_01v8_initial      |Circuit 2: rectifier_lvt_01v8_initial      
-------------------------------------------|-------------------------------------------
sky130_fd_pr__pfet_01v8_lvt (12->2)        |sky130_fd_pr__pfet_01v8_lvt (12->2)        
sky130_fd_pr__nfet_01v8_lvt (12->2)        |sky130_fd_pr__nfet_01v8_lvt (12->2)        
Number of devices: 4                       |Number of devices: 4                       
Number of nets: 4                          |Number of nets: 4                          
---------------------------------------------------------------------------------------
Resolving automorphisms by property value.
Resolving automorphisms by pin name.
Netlists match uniquely with property errors.
sky130_fd_pr__nfet_01v8_lvt:11 vs. sky130_fd_pr__nfet_01v8_lvt:11:
Property nf in circuit2 has no matching property in circuit1
sky130_fd_pr__nfet_01v8_lvt:21 vs. sky130_fd_pr__nfet_01v8_lvt:21:
Property nf in circuit2 has no matching property in circuit1
sky130_fd_pr__pfet_01v8_lvt:31 vs. sky130_fd_pr__pfet_01v8_lvt:31:
Property nf in circuit2 has no matching property in circuit1
sky130_fd_pr__pfet_01v8_lvt:41 vs. sky130_fd_pr__pfet_01v8_lvt:41:
Property nf in circuit2 has no matching property in circuit1

Subcircuit pins:
Circuit 1: rectifier_lvt_01v8_initial      |Circuit 2: rectifier_lvt_01v8_initial      
-------------------------------------------|-------------------------------------------
vinp                                       |vinp                                       
vinn                                       |vinn                                       
vss                                        |vss                                        
out2                                       |out2                                       
---------------------------------------------------------------------------------------
Cell pin lists are equivalent.
Device classes rectifier_lvt_01v8_initial and rectifier_lvt_01v8_initial are equivalent.

Final result: Circuits match uniquely.
Property errors were found.

The following cells had property errors:
 rectifier_lvt_01v8_initial
