
Circuit 1 cell sky130_fd_pr__res_xhigh_po_0p69 and Circuit 2 cell sky130_fd_pr__res_xhigh_po_0p69 are black boxes.
Warning: Equate pins:  cell sky130_fd_pr__res_xhigh_po_0p69 is a placeholder, treated as a black box.
Warning: Equate pins:  cell sky130_fd_pr__res_xhigh_po_0p69 is a placeholder, treated as a black box.

Subcircuit pins:
Circuit 1: sky130_fd_pr__res_xhigh_po_0p69 |Circuit 2: sky130_fd_pr__res_xhigh_po_0p69 
-------------------------------------------|-------------------------------------------
1                                          |1                                          
2                                          |2                                          
3                                          |3                                          
---------------------------------------------------------------------------------------
Cell pin lists are equivalent.
Device classes sky130_fd_pr__res_xhigh_po_0p69 and sky130_fd_pr__res_xhigh_po_0p69 are equivalent.

Class BGR_lvt (0):  Merged 35 parallel devices.
Class BGR_lvt (1):  Merged 35 parallel devices.
Subcircuit summary:
Circuit 1: BGR_lvt                         |Circuit 2: BGR_lvt                         
-------------------------------------------|-------------------------------------------
sky130_fd_pr__pfet_01v8_lvt (24->6)        |sky130_fd_pr__pfet_01v8_lvt (24->6)        
sky130_fd_pr__nfet_01v8_lvt (14->4)        |sky130_fd_pr__nfet_01v8_lvt (14->4)        
sky130_fd_pr__pnp_05v5_W3p40L3p40 (10->3)  |sky130_fd_pr__pnp_05v5_W3p40L3p40 (10->3)  
sky130_fd_pr__res_xhigh_po_0p69 (2)        |sky130_fd_pr__res_xhigh_po_0p69 (2)        
Number of devices: 15                      |Number of devices: 15                      
Number of nets: 12                         |Number of nets: 12                         
---------------------------------------------------------------------------------------
Netlists match uniquely with property errors.
Circuit 2 BGR_lvt instance sky130_fd_pr__pnp_05v5_W3p40L3p40:1 property "NE" has no match in circuit 1.
sky130_fd_pr__pnp_05v5_W3p40L3p40:21 vs. sky130_fd_pr__pnp_05v5_W3p40L3p40:21:
Property NE in circuit2 has no matching property in circuit1
Circuit 2 BGR_lvt instance sky130_fd_pr__pnp_05v5_W3p40L3p40:3 property "NE" has no match in circuit 1.
Circuit 2 parallel/series network does not match Circuit 1
Circuit 2 instance sky130_fd_pr__pnp_05v5_W3p40L3p40:3 network:
  m = 1
  NE = 1
Circuit 2 parallel/series network does not match Circuit 1
Circuit 2 instance sky130_fd_pr__pnp_05v5_W3p40L3p40:3 network:
  m = 1
  NE = 1
Circuit 2 parallel/series network does not match Circuit 1
Circuit 2 instance sky130_fd_pr__pnp_05v5_W3p40L3p40:3 network:
  m = 1
  NE = 1
Circuit 2 parallel/series network does not match Circuit 1
Circuit 2 instance sky130_fd_pr__pnp_05v5_W3p40L3p40:3 network:
  m = 1
  NE = 1

Subcircuit pins:
Circuit 1: BGR_lvt                         |Circuit 2: BGR_lvt                         
-------------------------------------------|-------------------------------------------
vss                                        |vss                                        
vdd                                        |vdd                                        
out                                        |out                                        
---------------------------------------------------------------------------------------
Cell pin lists are equivalent.
Device classes BGR_lvt and BGR_lvt are equivalent.

Final result: Circuits match uniquely.
Property errors were found.

The following cells had property errors:
 BGR_lvt
