
Class Temperature_Sensor (0):  Merged 24 parallel devices.
Class Temperature_Sensor (1):  Merged 24 parallel devices.
Subcircuit summary:
Circuit 1: Temperature_Sensor              |Circuit 2: Temperature_Sensor              
-------------------------------------------|-------------------------------------------
sky130_fd_pr__nfet_01v8_lvt (21->6)        |sky130_fd_pr__nfet_01v8_lvt (21->6)        
sky130_fd_pr__pfet_01v8_lvt (10->4)        |sky130_fd_pr__pfet_01v8_lvt (10->4)        
sky130_fd_pr__nfet_01v8 (4->1)             |sky130_fd_pr__nfet_01v8 (4->1)             
sky130_fd_pr__pnp_05v5_W3p40L3p40 (2)      |sky130_fd_pr__pnp_05v5_W3p40L3p40 (2)      
Number of devices: 13                      |Number of devices: 13                      
Number of nets: 10                         |Number of nets: 10                         
---------------------------------------------------------------------------------------
Netlists match uniquely with property errors.
Circuit 2 Temperature_Sensor instance sky130_fd_pr__pnp_05v5_W3p40L3p40:4 property "NE" has no match in circuit 1.
Circuit 2 Temperature_Sensor instance sky130_fd_pr__pnp_05v5_W3p40L3p40:3 property "NE" has no match in circuit 1.
sky130_fd_pr__nfet_01v8:112 vs. sky130_fd_pr__nfet_01v8:112:
Property nf in circuit2 has no matching property in circuit1
sky130_fd_pr__pfet_01v8_lvt:104 vs. sky130_fd_pr__pfet_01v8_lvt:101:
Property nf in circuit2 has no matching property in circuit1
sky130_fd_pr__pfet_01v8_lvt:4 vs. sky130_fd_pr__pfet_01v8_lvt:4:
Property nf in circuit2 has no matching property in circuit1
sky130_fd_pr__pfet_01v8_lvt:3 vs. sky130_fd_pr__pfet_01v8_lvt:3:
Property nf in circuit2 has no matching property in circuit1
sky130_fd_pr__pfet_01v8_lvt:94 vs. sky130_fd_pr__pfet_01v8_lvt:91:
Property nf in circuit2 has no matching property in circuit1
sky130_fd_pr__nfet_01v8_lvt:71 vs. sky130_fd_pr__nfet_01v8_lvt:71:
Property nf in circuit2 has no matching property in circuit1
sky130_fd_pr__nfet_01v8_lvt:81 vs. sky130_fd_pr__nfet_01v8_lvt:81:
Property nf in circuit2 has no matching property in circuit1
sky130_fd_pr__nfet_01v8_lvt:5 vs. sky130_fd_pr__nfet_01v8_lvt:5:
Property nf in circuit2 has no matching property in circuit1
sky130_fd_pr__nfet_01v8_lvt:61 vs. sky130_fd_pr__nfet_01v8_lvt:61:
Property nf in circuit2 has no matching property in circuit1
sky130_fd_pr__nfet_01v8_lvt:1 vs. sky130_fd_pr__nfet_01v8_lvt:1:
Property nf in circuit2 has no matching property in circuit1
sky130_fd_pr__nfet_01v8_lvt:2 vs. sky130_fd_pr__nfet_01v8_lvt:2:
Property nf in circuit2 has no matching property in circuit1

Subcircuit pins:
Circuit 1: Temperature_Sensor              |Circuit 2: Temperature_Sensor              
-------------------------------------------|-------------------------------------------
vtemp                                      |vtemp                                      
vss                                        |vss                                        
vdd                                        |vdd                                        
iin                                        |iin                                        
---------------------------------------------------------------------------------------
Cell pin lists are equivalent.
Device classes Temperature_Sensor and Temperature_Sensor are equivalent.

Final result: Circuits match uniquely.
Property errors were found.

The following cells had property errors:
 Temperature_Sensor
